{"E:\\MERN\\Category Management\\backend\\index.js": {"path":"E:\\MERN\\Category Management\\backend\\index.js","statementMap":{"0":{"start":{"line":1,"column":0},"end":{"line":1,"column":27}},"1":{"start":{"line":3,"column":16},"end":{"line":3,"column":34}},"2":{"start":{"line":4,"column":13},"end":{"line":4,"column":28}},"3":{"start":{"line":5,"column":18},"end":{"line":5,"column":47}},"4":{"start":{"line":6,"column":22},"end":{"line":6,"column":55}},"5":{"start":{"line":7,"column":18},"end":{"line":7,"column":40}},"6":{"start":{"line":9,"column":12},"end":{"line":9,"column":21}},"7":{"start":{"line":10,"column":13},"end":{"line":10,"column":37}},"8":{"start":{"line":12,"column":0},"end":{"line":12,"column":12}},"9":{"start":{"line":15,"column":0},"end":{"line":15,"column":16}},"10":{"start":{"line":16,"column":0},"end":{"line":16,"column":24}},"11":{"start":{"line":19,"column":0},"end":{"line":19,"column":32}},"12":{"start":{"line":20,"column":0},"end":{"line":20,"column":40}},"13":{"start":{"line":22,"column":0},"end":{"line":26,"column":1}},"14":{"start":{"line":23,"column":4},"end":{"line":25,"column":7}},"15":{"start":{"line":24,"column":8},"end":{"line":24,"column":66}},"16":{"start":{"line":28,"column":0},"end":{"line":28,"column":21}}},"fnMap":{"0":{"name":"(anonymous_0)","decl":{"start":{"line":23,"column":21},"end":{"line":23,"column":22}},"loc":{"start":{"line":23,"column":27},"end":{"line":25,"column":5}},"line":23}},"branchMap":{"0":{"loc":{"start":{"line":10,"column":13},"end":{"line":10,"column":37}},"type":"binary-expr","locations":[{"start":{"line":10,"column":13},"end":{"line":10,"column":29}},{"start":{"line":10,"column":33},"end":{"line":10,"column":37}}],"line":10},"1":{"loc":{"start":{"line":22,"column":0},"end":{"line":26,"column":1}},"type":"if","locations":[{"start":{"line":22,"column":0},"end":{"line":26,"column":1}},{"start":{},"end":{}}],"line":22}},"s":{"0":1,"1":1,"2":1,"3":1,"4":1,"5":1,"6":1,"7":1,"8":1,"9":1,"10":1,"11":1,"12":1,"13":1,"14":0,"15":0,"16":1},"f":{"0":0},"b":{"0":[1,0],"1":[0,1]},"_coverageSchema":"1a1c01bbd47fc00a2c39e90264f33305004495a9","hash":"01e855ff3d2e106e2a820318aa39cf70174b0360"}
,"E:\\MERN\\Category Management\\backend\\config\\db.js": {"path":"E:\\MERN\\Category Management\\backend\\config\\db.js","statementMap":{"0":{"start":{"line":1,"column":17},"end":{"line":1,"column":36}},"1":{"start":{"line":3,"column":18},"end":{"line":12,"column":1}},"2":{"start":{"line":4,"column":4},"end":{"line":11,"column":5}},"3":{"start":{"line":5,"column":21},"end":{"line":5,"column":66}},"4":{"start":{"line":7,"column":8},"end":{"line":7,"column":66}},"5":{"start":{"line":9,"column":8},"end":{"line":9,"column":49}},"6":{"start":{"line":10,"column":8},"end":{"line":10,"column":24}},"7":{"start":{"line":14,"column":0},"end":{"line":14,"column":27}}},"fnMap":{"0":{"name":"(anonymous_0)","decl":{"start":{"line":3,"column":18},"end":{"line":3,"column":19}},"loc":{"start":{"line":3,"column":30},"end":{"line":12,"column":1}},"line":3}},"branchMap":{},"s":{"0":1,"1":1,"2":1,"3":1,"4":1,"5":0,"6":0,"7":1},"f":{"0":1},"b":{},"_coverageSchema":"1a1c01bbd47fc00a2c39e90264f33305004495a9","hash":"8a0ecfcd49ac468eafb1a0e85cbb92f7b72a4bbf"}
,"E:\\MERN\\Category Management\\backend\\controllers\\authController.js": {"path":"E:\\MERN\\Category Management\\backend\\controllers\\authController.js","statementMap":{"0":{"start":{"line":1,"column":13},"end":{"line":1,"column":38}},"1":{"start":{"line":2,"column":15},"end":{"line":2,"column":34}},"2":{"start":{"line":3,"column":12},"end":{"line":3,"column":35}},"3":{"start":{"line":5,"column":0},"end":{"line":28,"column":1}},"4":{"start":{"line":6,"column":4},"end":{"line":27,"column":5}},"5":{"start":{"line":7,"column":42},"end":{"line":7,"column":50}},"6":{"start":{"line":9,"column":29},"end":{"line":9,"column":58}},"7":{"start":{"line":11,"column":8},"end":{"line":13,"column":9}},"8":{"start":{"line":12,"column":12},"end":{"line":12,"column":92}},"9":{"start":{"line":15,"column":21},"end":{"line":15,"column":45}},"10":{"start":{"line":16,"column":31},"end":{"line":16,"column":64}},"11":{"start":{"line":18,"column":28},"end":{"line":18,"column":88}},"12":{"start":{"line":20,"column":8},"end":{"line":23,"column":11}},"13":{"start":{"line":26,"column":8},"end":{"line":26,"column":82}},"14":{"start":{"line":30,"column":0},"end":{"line":57,"column":2}},"15":{"start":{"line":31,"column":4},"end":{"line":56,"column":5}},"16":{"start":{"line":32,"column":36},"end":{"line":32,"column":44}},"17":{"start":{"line":35,"column":21},"end":{"line":35,"column":50}},"18":{"start":{"line":36,"column":8},"end":{"line":38,"column":9}},"19":{"start":{"line":37,"column":12},"end":{"line":37,"column":76}},"20":{"start":{"line":41,"column":24},"end":{"line":41,"column":69}},"21":{"start":{"line":42,"column":8},"end":{"line":44,"column":9}},"22":{"start":{"line":43,"column":12},"end":{"line":43,"column":76}},"23":{"start":{"line":47,"column":22},"end":{"line":47,"column":97}},"24":{"start":{"line":49,"column":8},"end":{"line":53,"column":11}},"25":{"start":{"line":55,"column":8},"end":{"line":55,"column":80}}},"fnMap":{"0":{"name":"(anonymous_0)","decl":{"start":{"line":5,"column":19},"end":{"line":5,"column":20}},"loc":{"start":{"line":5,"column":39},"end":{"line":28,"column":1}},"line":5},"1":{"name":"(anonymous_1)","decl":{"start":{"line":30,"column":16},"end":{"line":30,"column":17}},"loc":{"start":{"line":30,"column":36},"end":{"line":57,"column":1}},"line":30}},"branchMap":{"0":{"loc":{"start":{"line":11,"column":8},"end":{"line":13,"column":9}},"type":"if","locations":[{"start":{"line":11,"column":8},"end":{"line":13,"column":9}},{"start":{},"end":{}}],"line":11},"1":{"loc":{"start":{"line":36,"column":8},"end":{"line":38,"column":9}},"type":"if","locations":[{"start":{"line":36,"column":8},"end":{"line":38,"column":9}},{"start":{},"end":{}}],"line":36},"2":{"loc":{"start":{"line":42,"column":8},"end":{"line":44,"column":9}},"type":"if","locations":[{"start":{"line":42,"column":8},"end":{"line":44,"column":9}},{"start":{},"end":{}}],"line":42}},"s":{"0":1,"1":1,"2":1,"3":1,"4":1,"5":1,"6":1,"7":1,"8":1,"9":0,"10":0,"11":0,"12":0,"13":0,"14":1,"15":2,"16":2,"17":2,"18":2,"19":1,"20":1,"21":1,"22":1,"23":0,"24":0,"25":0},"f":{"0":1,"1":2},"b":{"0":[1,0],"1":[1,1],"2":[1,0]},"_coverageSchema":"1a1c01bbd47fc00a2c39e90264f33305004495a9","hash":"69752109319cd38781adedfd34f082c424a39abb"}
,"E:\\MERN\\Category Management\\backend\\controllers\\categoryController.js": {"path":"E:\\MERN\\Category Management\\backend\\controllers\\categoryController.js","statementMap":{"0":{"start":{"line":1,"column":17},"end":{"line":1,"column":46}},"1":{"start":{"line":2,"column":17},"end":{"line":2,"column":36}},"2":{"start":{"line":5,"column":0},"end":{"line":22,"column":2}},"3":{"start":{"line":6,"column":4},"end":{"line":21,"column":5}},"4":{"start":{"line":7,"column":41},"end":{"line":7,"column":49}},"5":{"start":{"line":10,"column":8},"end":{"line":12,"column":9}},"6":{"start":{"line":11,"column":12},"end":{"line":11,"column":98}},"7":{"start":{"line":14,"column":25},"end":{"line":14,"column":72}},"8":{"start":{"line":16,"column":8},"end":{"line":16,"column":113}},"9":{"start":{"line":19,"column":8},"end":{"line":19,"column":57}},"10":{"start":{"line":20,"column":8},"end":{"line":20,"column":90}},"11":{"start":{"line":24,"column":0},"end":{"line":52,"column":2}},"12":{"start":{"line":25,"column":4},"end":{"line":51,"column":5}},"13":{"start":{"line":26,"column":23},"end":{"line":26,"column":33}},"14":{"start":{"line":27,"column":33},"end":{"line":27,"column":41}},"15":{"start":{"line":29,"column":8},"end":{"line":31,"column":9}},"16":{"start":{"line":30,"column":12},"end":{"line":30,"column":90}},"17":{"start":{"line":33,"column":25},"end":{"line":33,"column":52}},"18":{"start":{"line":34,"column":8},"end":{"line":36,"column":9}},"19":{"start":{"line":35,"column":12},"end":{"line":35,"column":91}},"20":{"start":{"line":38,"column":8},"end":{"line":38,"column":46}},"21":{"start":{"line":39,"column":8},"end":{"line":39,"column":52}},"22":{"start":{"line":40,"column":8},"end":{"line":40,"column":30}},"23":{"start":{"line":42,"column":8},"end":{"line":44,"column":9}},"24":{"start":{"line":43,"column":12},"end":{"line":43,"column":101}},"25":{"start":{"line":46,"column":8},"end":{"line":46,"column":113}},"26":{"start":{"line":49,"column":8},"end":{"line":49,"column":57}},"27":{"start":{"line":50,"column":8},"end":{"line":50,"column":90}},"28":{"start":{"line":54,"column":0},"end":{"line":75,"column":2}},"29":{"start":{"line":55,"column":4},"end":{"line":74,"column":5}},"30":{"start":{"line":56,"column":23},"end":{"line":56,"column":33}},"31":{"start":{"line":58,"column":25},"end":{"line":58,"column":52}},"32":{"start":{"line":59,"column":8},"end":{"line":61,"column":9}},"33":{"start":{"line":60,"column":12},"end":{"line":60,"column":91}},"34":{"start":{"line":63,"column":8},"end":{"line":63,"column":45}},"35":{"start":{"line":65,"column":8},"end":{"line":67,"column":9}},"36":{"start":{"line":66,"column":12},"end":{"line":66,"column":117}},"37":{"start":{"line":69,"column":8},"end":{"line":69,"column":97}},"38":{"start":{"line":72,"column":8},"end":{"line":72,"column":57}},"39":{"start":{"line":73,"column":8},"end":{"line":73,"column":90}},"40":{"start":{"line":77,"column":0},"end":{"line":87,"column":2}},"41":{"start":{"line":78,"column":4},"end":{"line":86,"column":5}},"42":{"start":{"line":79,"column":27},"end":{"line":79,"column":91}},"43":{"start":{"line":81,"column":8},"end":{"line":81,"column":117}},"44":{"start":{"line":84,"column":8},"end":{"line":84,"column":59}},"45":{"start":{"line":85,"column":8},"end":{"line":85,"column":90}},"46":{"start":{"line":89,"column":0},"end":{"line":113,"column":2}},"47":{"start":{"line":90,"column":4},"end":{"line":112,"column":5}},"48":{"start":{"line":91,"column":27},"end":{"line":91,"column":35}},"49":{"start":{"line":92,"column":22},"end":{"line":92,"column":23}},"50":{"start":{"line":94,"column":8},"end":{"line":96,"column":9}},"51":{"start":{"line":95,"column":12},"end":{"line":95,"column":96}},"52":{"start":{"line":98,"column":25},"end":{"line":100,"column":9}},"53":{"start":{"line":102,"column":27},"end":{"line":102,"column":109}},"54":{"start":{"line":104,"column":8},"end":{"line":108,"column":11}},"55":{"start":{"line":110,"column":8},"end":{"line":110,"column":58}},"56":{"start":{"line":111,"column":8},"end":{"line":111,"column":93}},"57":{"start":{"line":115,"column":0},"end":{"line":139,"column":2}},"58":{"start":{"line":116,"column":4},"end":{"line":138,"column":5}},"59":{"start":{"line":117,"column":23},"end":{"line":117,"column":33}},"60":{"start":{"line":118,"column":8},"end":{"line":118,"column":61}},"61":{"start":{"line":120,"column":8},"end":{"line":122,"column":9}},"62":{"start":{"line":121,"column":12},"end":{"line":121,"column":92}},"63":{"start":{"line":124,"column":25},"end":{"line":124,"column":52}},"64":{"start":{"line":125,"column":8},"end":{"line":125,"column":49}},"65":{"start":{"line":127,"column":8},"end":{"line":130,"column":9}},"66":{"start":{"line":128,"column":12},"end":{"line":128,"column":61}},"67":{"start":{"line":129,"column":12},"end":{"line":129,"column":91}},"68":{"start":{"line":132,"column":8},"end":{"line":132,"column":59}},"69":{"start":{"line":133,"column":8},"end":{"line":133,"column":113}},"70":{"start":{"line":136,"column":8},"end":{"line":136,"column":56}},"71":{"start":{"line":137,"column":8},"end":{"line":137,"column":90}}},"fnMap":{"0":{"name":"(anonymous_0)","decl":{"start":{"line":5,"column":25},"end":{"line":5,"column":26}},"loc":{"start":{"line":5,"column":45},"end":{"line":22,"column":1}},"line":5},"1":{"name":"(anonymous_1)","decl":{"start":{"line":24,"column":25},"end":{"line":24,"column":26}},"loc":{"start":{"line":24,"column":45},"end":{"line":52,"column":1}},"line":24},"2":{"name":"(anonymous_2)","decl":{"start":{"line":54,"column":25},"end":{"line":54,"column":26}},"loc":{"start":{"line":54,"column":45},"end":{"line":75,"column":1}},"line":54},"3":{"name":"(anonymous_3)","decl":{"start":{"line":77,"column":24},"end":{"line":77,"column":25}},"loc":{"start":{"line":77,"column":44},"end":{"line":87,"column":1}},"line":77},"4":{"name":"(anonymous_4)","decl":{"start":{"line":89,"column":25},"end":{"line":89,"column":26}},"loc":{"start":{"line":89,"column":45},"end":{"line":113,"column":1}},"line":89},"5":{"name":"(anonymous_5)","decl":{"start":{"line":115,"column":26},"end":{"line":115,"column":27}},"loc":{"start":{"line":115,"column":46},"end":{"line":139,"column":1}},"line":115}},"branchMap":{"0":{"loc":{"start":{"line":10,"column":8},"end":{"line":12,"column":9}},"type":"if","locations":[{"start":{"line":10,"column":8},"end":{"line":12,"column":9}},{"start":{},"end":{}}],"line":10},"1":{"loc":{"start":{"line":29,"column":8},"end":{"line":31,"column":9}},"type":"if","locations":[{"start":{"line":29,"column":8},"end":{"line":31,"column":9}},{"start":{},"end":{}}],"line":29},"2":{"loc":{"start":{"line":29,"column":12},"end":{"line":29,"column":28}},"type":"binary-expr","locations":[{"start":{"line":29,"column":12},"end":{"line":29,"column":17}},{"start":{"line":29,"column":21},"end":{"line":29,"column":28}}],"line":29},"3":{"loc":{"start":{"line":34,"column":8},"end":{"line":36,"column":9}},"type":"if","locations":[{"start":{"line":34,"column":8},"end":{"line":36,"column":9}},{"start":{},"end":{}}],"line":34},"4":{"loc":{"start":{"line":38,"column":24},"end":{"line":38,"column":45}},"type":"binary-expr","locations":[{"start":{"line":38,"column":24},"end":{"line":38,"column":28}},{"start":{"line":38,"column":32},"end":{"line":38,"column":45}}],"line":38},"5":{"loc":{"start":{"line":39,"column":26},"end":{"line":39,"column":51}},"type":"binary-expr","locations":[{"start":{"line":39,"column":26},"end":{"line":39,"column":32}},{"start":{"line":39,"column":36},"end":{"line":39,"column":51}}],"line":39},"6":{"loc":{"start":{"line":42,"column":8},"end":{"line":44,"column":9}},"type":"if","locations":[{"start":{"line":42,"column":8},"end":{"line":44,"column":9}},{"start":{},"end":{}}],"line":42},"7":{"loc":{"start":{"line":59,"column":8},"end":{"line":61,"column":9}},"type":"if","locations":[{"start":{"line":59,"column":8},"end":{"line":61,"column":9}},{"start":{},"end":{}}],"line":59},"8":{"loc":{"start":{"line":65,"column":8},"end":{"line":67,"column":9}},"type":"if","locations":[{"start":{"line":65,"column":8},"end":{"line":67,"column":9}},{"start":{},"end":{}}],"line":65},"9":{"loc":{"start":{"line":94,"column":8},"end":{"line":96,"column":9}},"type":"if","locations":[{"start":{"line":94,"column":8},"end":{"line":96,"column":9}},{"start":{},"end":{}}],"line":94},"10":{"loc":{"start":{"line":120,"column":8},"end":{"line":122,"column":9}},"type":"if","locations":[{"start":{"line":120,"column":8},"end":{"line":122,"column":9}},{"start":{},"end":{}}],"line":120},"11":{"loc":{"start":{"line":127,"column":8},"end":{"line":130,"column":9}},"type":"if","locations":[{"start":{"line":127,"column":8},"end":{"line":130,"column":9}},{"start":{},"end":{}}],"line":127}},"s":{"0":2,"1":2,"2":2,"3":2,"4":2,"5":2,"6":1,"7":1,"8":1,"9":0,"10":0,"11":2,"12":1,"13":1,"14":1,"15":1,"16":0,"17":1,"18":1,"19":0,"20":1,"21":1,"22":1,"23":1,"24":1,"25":1,"26":0,"27":0,"28":2,"29":1,"30":1,"31":1,"32":1,"33":0,"34":1,"35":1,"36":0,"37":1,"38":0,"39":0,"40":2,"41":1,"42":1,"43":1,"44":0,"45":0,"46":2,"47":0,"48":0,"49":0,"50":0,"51":0,"52":0,"53":0,"54":0,"55":0,"56":0,"57":2,"58":2,"59":2,"60":2,"61":2,"62":0,"63":2,"64":2,"65":2,"66":1,"67":1,"68":1,"69":1,"70":0,"71":0},"f":{"0":2,"1":1,"2":1,"3":1,"4":0,"5":2},"b":{"0":[1,1],"1":[0,1],"2":[1,0],"3":[0,1],"4":[1,0],"5":[1,1],"6":[1,0],"7":[0,1],"8":[0,1],"9":[0,0],"10":[0,2],"11":[1,1]},"_coverageSchema":"1a1c01bbd47fc00a2c39e90264f33305004495a9","hash":"36ab03ae05cb934b6cc5041559dfb7be99278774"}
,"E:\\MERN\\Category Management\\backend\\middleware\\authMiddleware.js": {"path":"E:\\MERN\\Category Management\\backend\\middleware\\authMiddleware.js","statementMap":{"0":{"start":{"line":1,"column":12},"end":{"line":1,"column":35}},"1":{"start":{"line":3,"column":0},"end":{"line":32,"column":2}},"2":{"start":{"line":4,"column":4},"end":{"line":31,"column":5}},"3":{"start":{"line":5,"column":22},"end":{"line":5,"column":65}},"4":{"start":{"line":7,"column":8},"end":{"line":12,"column":9}},"5":{"start":{"line":8,"column":12},"end":{"line":11,"column":15}},"6":{"start":{"line":14,"column":8},"end":{"line":24,"column":11}},"7":{"start":{"line":15,"column":12},"end":{"line":23,"column":13}},"8":{"start":{"line":16,"column":16},"end":{"line":19,"column":19}},"9":{"start":{"line":21,"column":16},"end":{"line":21,"column":43}},"10":{"start":{"line":22,"column":16},"end":{"line":22,"column":23}},"11":{"start":{"line":26,"column":8},"end":{"line":30,"column":11}}},"fnMap":{"0":{"name":"(anonymous_0)","decl":{"start":{"line":3,"column":25},"end":{"line":3,"column":26}},"loc":{"start":{"line":3,"column":51},"end":{"line":32,"column":1}},"line":3},"1":{"name":"(anonymous_1)","decl":{"start":{"line":14,"column":50},"end":{"line":14,"column":51}},"loc":{"start":{"line":14,"column":67},"end":{"line":24,"column":9}},"line":14}},"branchMap":{"0":{"loc":{"start":{"line":7,"column":8},"end":{"line":12,"column":9}},"type":"if","locations":[{"start":{"line":7,"column":8},"end":{"line":12,"column":9}},{"start":{},"end":{}}],"line":7},"1":{"loc":{"start":{"line":15,"column":12},"end":{"line":23,"column":13}},"type":"if","locations":[{"start":{"line":15,"column":12},"end":{"line":23,"column":13}},{"start":{"line":20,"column":19},"end":{"line":23,"column":13}}],"line":15}},"s":{"0":1,"1":1,"2":0,"3":0,"4":0,"5":0,"6":0,"7":0,"8":0,"9":0,"10":0,"11":0},"f":{"0":0,"1":0},"b":{"0":[0,0],"1":[0,0]},"_coverageSchema":"1a1c01bbd47fc00a2c39e90264f33305004495a9","hash":"049b62b437ca2dfb497e3855960fafd433677437"}
,"E:\\MERN\\Category Management\\backend\\models\\category.js": {"path":"E:\\MERN\\Category Management\\backend\\models\\category.js","statementMap":{"0":{"start":{"line":1,"column":17},"end":{"line":1,"column":36}},"1":{"start":{"line":3,"column":23},"end":{"line":23,"column":1}},"2":{"start":{"line":25,"column":0},"end":{"line":25,"column":44}},"3":{"start":{"line":27,"column":17},"end":{"line":27,"column":59}},"4":{"start":{"line":29,"column":0},"end":{"line":29,"column":26}}},"fnMap":{},"branchMap":{},"s":{"0":2,"1":2,"2":2,"3":2,"4":2},"f":{},"b":{},"_coverageSchema":"1a1c01bbd47fc00a2c39e90264f33305004495a9","hash":"f7b6f363b25819e031e075d7a8701fcb5c840674"}
,"E:\\MERN\\Category Management\\backend\\models\\user.js": {"path":"E:\\MERN\\Category Management\\backend\\models\\user.js","statementMap":{"0":{"start":{"line":1,"column":17},"end":{"line":1,"column":36}},"1":{"start":{"line":3,"column":19},"end":{"line":22,"column":1}},"2":{"start":{"line":24,"column":13},"end":{"line":24,"column":47}},"3":{"start":{"line":26,"column":0},"end":{"line":26,"column":22}}},"fnMap":{},"branchMap":{},"s":{"0":1,"1":1,"2":1,"3":1},"f":{},"b":{},"_coverageSchema":"1a1c01bbd47fc00a2c39e90264f33305004495a9","hash":"2b0d6e67221b16823d76a551c9a5cc591877dda1"}
,"E:\\MERN\\Category Management\\backend\\routes\\authRoute.js": {"path":"E:\\MERN\\Category Management\\backend\\routes\\authRoute.js","statementMap":{"0":{"start":{"line":1,"column":16},"end":{"line":1,"column":34}},"1":{"start":{"line":2,"column":28},"end":{"line":2,"column":68}},"2":{"start":{"line":5,"column":15},"end":{"line":5,"column":31}},"3":{"start":{"line":8,"column":0},"end":{"line":8,"column":35}},"4":{"start":{"line":9,"column":0},"end":{"line":9,"column":29}},"5":{"start":{"line":11,"column":0},"end":{"line":11,"column":24}}},"fnMap":{},"branchMap":{},"s":{"0":1,"1":1,"2":1,"3":1,"4":1,"5":1},"f":{},"b":{},"_coverageSchema":"1a1c01bbd47fc00a2c39e90264f33305004495a9","hash":"c61e72ad3a63988adb8c735d5b4b71f59802f440"}
,"E:\\MERN\\Category Management\\backend\\routes\\categoryRoute.js": {"path":"E:\\MERN\\Category Management\\backend\\routes\\categoryRoute.js","statementMap":{"0":{"start":{"line":1,"column":16},"end":{"line":1,"column":34}},"1":{"start":{"line":2,"column":107},"end":{"line":2,"column":151}},"2":{"start":{"line":3,"column":27},"end":{"line":3,"column":66}},"3":{"start":{"line":5,"column":15},"end":{"line":5,"column":31}},"4":{"start":{"line":8,"column":0},"end":{"line":8,"column":49}},"5":{"start":{"line":9,"column":0},"end":{"line":9,"column":51}},"6":{"start":{"line":10,"column":0},"end":{"line":10,"column":54}},"7":{"start":{"line":11,"column":0},"end":{"line":11,"column":47}},"8":{"start":{"line":12,"column":0},"end":{"line":12,"column":63}},"9":{"start":{"line":13,"column":0},"end":{"line":13,"column":68}},"10":{"start":{"line":15,"column":0},"end":{"line":15,"column":24}}},"fnMap":{},"branchMap":{},"s":{"0":2,"1":2,"2":2,"3":2,"4":2,"5":2,"6":2,"7":2,"8":2,"9":2,"10":2},"f":{},"b":{},"_coverageSchema":"1a1c01bbd47fc00a2c39e90264f33305004495a9","hash":"0540feaab4c73029da88adf37a7c0f7ad967af50"}
}
